<?xml version="1.0" encoding="UTF-8"?>
<!-- Generated by org.testng.reporters.JUnitReportReporter -->
<testsuite hostname="Sandesh" failures="0" tests="1" name="saucedemo.tests.LoginPageTests" time="8.124" errors="0" timestamp="2023-10-02T15:33:12 IST" skipped="0">
  <testcase classname="saucedemo.tests.LoginPageTests" name="login" time="8.124"/>
</testsuite> <!-- saucedemo.tests.LoginPageTests -->
