<?xml version="1.0" encoding="UTF-8"?>
<!-- Generated by org.testng.reporters.JUnitReportReporter -->
<testsuite hostname="Sandesh" failures="0" tests="2" name="base.BaseClass" time="7.449" errors="0" timestamp="2023-09-30T21:17:08 IST" skipped="0">
  <testcase classname="base.BaseClass" name="launchApp" time="6.835"/>
  <testcase classname="base.BaseClass" name="closeApp" time="0.614"/>
</testsuite> <!-- base.BaseClass -->
